<?xml version="1.0" encoding="UTF-8"?>
<testsuite name="com.example.project.TestInsertionSort" tests="6" skipped="0" failures="0" errors="0" timestamp="2025-03-12T12:27:09" hostname="codespaces-c5589b" time="0.316">
  <properties/>
  <testcase name="testInsertionSort_EmptyArray()" classname="com.example.project.TestInsertionSort" time="0.052"/>
  <testcase name="testInsertionSort_ReverseSortedArray()" classname="com.example.project.TestInsertionSort" time="0.011"/>
  <testcase name="testInsertionSort_UnsortedArray()" classname="com.example.project.TestInsertionSort" time="0.007"/>
  <testcase name="testInsertionSort_AlreadySortedArray()" classname="com.example.project.TestInsertionSort" time="0.006"/>
  <testcase name="testInsertionSort_SingleElementArray()" classname="com.example.project.TestInsertionSort" time="0.001"/>
  <testcase name="testSelectionSort_Words()" classname="com.example.project.TestInsertionSort" time="0.22"/>
  <system-out><![CDATA[INSERTION SORT: NUMBER OF ITERATIONS: 0
INSERTION SORT: NUMBER OF ITERATIONS: 10
INSERTION SORT: NUMBER OF ITERATIONS: 5
INSERTION SORT: NUMBER OF ITERATIONS: 0
INSERTION SORT: NUMBER OF ITERATIONS: 0
INSERTION SORT: NUMBER OF ITERATIONS: 257349
]]></system-out>
  <system-err><![CDATA[]]></system-err>
</testsuite>
